2024-07-12T11:04:40.688 application=explorer [info] tx/per day chart: collect records for txs per day stats
2024-07-12T11:04:40.688 application=explorer [info] tx/per day chart: earliest date 2024-07-03 00:00:00Z
2024-07-12T11:04:40.688 application=explorer [info] tx/per day chart: latest date 2024-07-03 23:59:59Z
2024-07-12T11:04:40.693 application=explorer [info] tx/per day chart: timestamp cannot be converted to min/max blocks, trying to find min/max blocks through a fallback option}
2024-07-12T11:04:40.698 application=explorer [warning] tx/per day chart: failed to get min/max blocks through a fallback option}
2024-07-12T11:04:40.698 application=explorer [info] tx/per day chart: collect records for txs per day stats
2024-07-12T11:04:40.698 application=explorer [info] tx/per day chart: earliest date 2024-07-04 00:00:00Z
2024-07-12T11:04:40.698 application=explorer [info] tx/per day chart: latest date 2024-07-04 23:59:59Z
2024-07-12T11:04:40.705 application=explorer [info] tx/per day chart: timestamp cannot be converted to min/max blocks, trying to find min/max blocks through a fallback option}
2024-07-12T11:04:40.709 application=explorer [warning] tx/per day chart: failed to get min/max blocks through a fallback option}
2024-07-12T11:04:40.709 application=explorer [info] tx/per day chart: collect records for txs per day stats
2024-07-12T11:04:40.709 application=explorer [info] tx/per day chart: earliest date 2024-07-05 00:00:00Z
2024-07-12T11:04:40.709 application=explorer [info] tx/per day chart: latest date 2024-07-05 23:59:59Z
2024-07-12T11:04:40.715 application=explorer [info] tx/per day chart: timestamp cannot be converted to min/max blocks, trying to find min/max blocks through a fallback option}
2024-07-12T11:04:40.717 application=explorer [warning] tx/per day chart: failed to get min/max blocks through a fallback option}
2024-07-12T11:04:40.717 application=explorer [info] tx/per day chart: collect records for txs per day stats
2024-07-12T11:04:40.718 application=explorer [info] tx/per day chart: earliest date 2024-07-06 00:00:00Z
2024-07-12T11:04:40.718 application=explorer [info] tx/per day chart: latest date 2024-07-06 23:59:59Z
2024-07-12T11:04:40.721 application=explorer [info] tx/per day chart: timestamp cannot be converted to min/max blocks, trying to find min/max blocks through a fallback option}
2024-07-12T11:04:40.722 application=explorer [info] SanitizeIncorrectNFTTokenTransfers deletion finished, continuing with blocks re-fetch
2024-07-12T11:04:40.723 application=explorer [warning] tx/per day chart: failed to get min/max blocks through a fallback option}
2024-07-12T11:04:40.723 application=explorer [info] tx/per day chart: collect records for txs per day stats
2024-07-12T11:04:40.723 application=explorer [info] tx/per day chart: earliest date 2024-07-07 00:00:00Z
2024-07-12T11:04:40.723 application=explorer [info] tx/per day chart: latest date 2024-07-07 23:59:59Z
2024-07-12T11:04:40.728 application=explorer [info] tx/per day chart: timestamp cannot be converted to min/max blocks, trying to find min/max blocks through a fallback option}
2024-07-12T11:04:40.729 application=explorer [info] SanitizeIncorrectWETHTokenTransfers deletion of duplicates finished, continuing with deletion of not whitelisted weth transfers
2024-07-12T11:04:40.729 application=explorer [info] SanitizeIncorrectNFTTokenTransfers migration finished
2024-07-12T11:04:40.731 application=explorer [warning] tx/per day chart: failed to get min/max blocks through a fallback option}
2024-07-12T11:04:40.731 application=explorer [info] tx/per day chart: collect records for txs per day stats
2024-07-12T11:04:40.731 application=explorer [info] tx/per day chart: earliest date 2024-07-08 00:00:00Z
2024-07-12T11:04:40.732 application=explorer [info] tx/per day chart: latest date 2024-07-08 23:59:59Z
2024-07-12T11:04:40.734 application=explorer [info] tx/per day chart: timestamp cannot be converted to min/max blocks, trying to find min/max blocks through a fallback option}
2024-07-12T11:04:40.736 application=explorer [warning] tx/per day chart: failed to get min/max blocks through a fallback option}
2024-07-12T11:04:40.736 application=explorer [info] tx/per day chart: collect records for txs per day stats
2024-07-12T11:04:40.736 application=explorer [info] tx/per day chart: earliest date 2024-07-09 00:00:00Z
2024-07-12T11:04:40.736 application=explorer [info] tx/per day chart: latest date 2024-07-09 23:59:59Z
2024-07-12T11:04:40.741 application=explorer [info] tx/per day chart: timestamp cannot be converted to min/max blocks, trying to find min/max blocks through a fallback option}
2024-07-12T11:04:40.748 application=explorer [warning] tx/per day chart: failed to get min/max blocks through a fallback option}
2024-07-12T11:04:40.748 application=explorer [info] tx/per day chart: collect records for txs per day stats
2024-07-12T11:04:40.748 application=explorer [info] tx/per day chart: earliest date 2024-07-10 00:00:00Z
2024-07-12T11:04:40.748 application=explorer [info] tx/per day chart: latest date 2024-07-10 23:59:59Z
2024-07-12T11:04:40.751 application=explorer [info] tx/per day chart: timestamp cannot be converted to min/max blocks, trying to find min/max blocks through a fallback option}
2024-07-12T11:04:40.756 application=explorer [warning] tx/per day chart: failed to get min/max blocks through a fallback option}
2024-07-12T11:04:40.756 application=explorer [info] tx/per day chart: collect records for txs per day stats
2024-07-12T11:04:40.756 application=explorer [info] tx/per day chart: earliest date 2024-07-11 00:00:00Z
2024-07-12T11:04:40.756 application=explorer [info] tx/per day chart: latest date 2024-07-11 23:59:59Z
2024-07-12T11:04:40.759 application=explorer [info] tx/per day chart: timestamp cannot be converted to min/max blocks, trying to find min/max blocks through a fallback option}
2024-07-12T11:04:40.763 application=explorer [warning] tx/per day chart: failed to get min/max blocks through a fallback option}
2024-07-12T11:04:40.763 application=explorer [info] tx/per day chart: collect records for txs per day stats
2024-07-12T11:04:40.764 application=explorer [info] tx/per day chart: records collected [%{date: ~D[2024-07-11], gas_used: 0, number_of_transactions: 0, total_fee: 0}, %{date: ~D[2024-07-10], gas_used: 0, number_of_transactions: 0, total_fee: 0}, %{date: ~D[2024-07-09], gas_used: 0, number_of_transactions: 0, total_fee: 0}, %{date: ~D[2024-07-08], gas_used: 0, number_of_transactions: 0, total_fee: 0}, %{date: ~D[2024-07-07], gas_used: 0, number_of_transactions: 0, total_fee: 0}, %{date: ~D[2024-07-06], gas_used: 0, number_of_transactions: 0, total_fee: 0}, %{date: ~D[2024-07-05], gas_used: 0, number_of_transactions: 0, total_fee: 0}, %{date: ~D[2024-07-04], gas_used: 0, number_of_transactions: 0, total_fee: 0}, %{date: ~D[2024-07-03], gas_used: 0, number_of_transactions: 0, total_fee: 0}]
2024-07-12T11:04:40.764 application=explorer [info] tx/per day chart: save records
2024-07-12T11:04:40.766 application=explorer [info] tx/per day chart: number of inserted 10
2024-07-12T11:06:40.686 application=explorer [info] Fetching precompiled config path: nil.
2024-07-12T11:06:40.686 application=explorer [warning] Genesis data is not fetched. Neither chain spec path or precompiles config path are set.
